
*** Running vivado
    with args -log Nhan_RCA.vds -m64 -product Vivado -mode batch -messageDb vivado.pb -notrace -source Nhan_RCA.tcl



****** Vivado v2022.2 (64-bit)
  **** SW Build 3671981 on Fri Oct 14 05:00:03 MDT 2022
  **** IP Build 3669848 on Fri Oct 14 08:30:02 MDT 2022
    ** Copyright 1986-2022 Xilinx, Inc. All Rights Reserved.

source Nhan_RCA.tcl -notrace
Command: synth_design -top Nhan_RCA -part xc7s6cpga196-1
Starting synth_design
Attempting to get a license for feature 'Synthesis' and/or device 'xc7s6'
INFO: [Common 17-349] Got license for feature 'Synthesis' and/or device 'xc7s6'
INFO: [Synth 8-7079] Multithreading enabled for synth_design using a maximum of 2 processes.
INFO: [Synth 8-7078] Launching helper process for spawning children vivado processes
INFO: [Synth 8-7075] Helper process launched with PID 27460
INFO: [Synth 8-11241] undeclared symbol 'REGCCE', assumed default net type 'wire' [C:/Xilinx/Vivado/2022.2/data/verilog/src/unimacro/BRAM_SINGLE_MACRO.v:2170]
INFO: [Synth 8-11241] undeclared symbol 's', assumed default net type 'wire' [C:/Users/Admin/Nhan_RCA_last/Nhan_RCA_last.srcs/sources_1/new/Nhan_RCA.v:55]
---------------------------------------------------------------------------------
Starting Synthesize : Time (s): cpu = 00:00:02 ; elapsed = 00:00:03 . Memory (MB): peak = 832.676 ; gain = 414.156
---------------------------------------------------------------------------------
INFO: [Synth 8-6157] synthesizing module 'Nhan_RCA' [C:/Users/Admin/Nhan_RCA_last/Nhan_RCA_last.srcs/sources_1/new/Nhan_RCA.v:37]
INFO: [Synth 8-6157] synthesizing module 'FA8b' [C:/Users/Admin/Nhan_RCA_last/Nhan_RCA_last.srcs/sources_1/new/Nhan_RCA.v:26]
INFO: [Synth 8-6157] synthesizing module 'FA1b' [C:/Users/Admin/Nhan_RCA_last/Nhan_RCA_last.srcs/sources_1/new/Nhan_RCA.v:22]
INFO: [Synth 8-6155] done synthesizing module 'FA1b' (0#1) [C:/Users/Admin/Nhan_RCA_last/Nhan_RCA_last.srcs/sources_1/new/Nhan_RCA.v:22]
INFO: [Synth 8-6155] done synthesizing module 'FA8b' (0#1) [C:/Users/Admin/Nhan_RCA_last/Nhan_RCA_last.srcs/sources_1/new/Nhan_RCA.v:26]
INFO: [Synth 8-6155] done synthesizing module 'Nhan_RCA' (0#1) [C:/Users/Admin/Nhan_RCA_last/Nhan_RCA_last.srcs/sources_1/new/Nhan_RCA.v:37]
---------------------------------------------------------------------------------
Finished Synthesize : Time (s): cpu = 00:00:02 ; elapsed = 00:00:05 . Memory (MB): peak = 923.809 ; gain = 505.289
---------------------------------------------------------------------------------
---------------------------------------------------------------------------------
Finished Constraint Validation : Time (s): cpu = 00:00:02 ; elapsed = 00:00:05 . Memory (MB): peak = 923.809 ; gain = 505.289
---------------------------------------------------------------------------------
---------------------------------------------------------------------------------
Start Loading Part and Timing Information
---------------------------------------------------------------------------------
Loading part: xc7s6cpga196-1
---------------------------------------------------------------------------------
Finished Loading Part and Timing Information : Time (s): cpu = 00:00:02 ; elapsed = 00:00:05 . Memory (MB): peak = 923.809 ; gain = 505.289
---------------------------------------------------------------------------------
INFO: [Device 21-403] Loading part xc7s6cpga196-1
---------------------------------------------------------------------------------
Finished RTL Optimization Phase 2 : Time (s): cpu = 00:00:02 ; elapsed = 00:00:05 . Memory (MB): peak = 923.809 ; gain = 505.289
---------------------------------------------------------------------------------
No constraint files found.
---------------------------------------------------------------------------------
Start RTL Component Statistics 
---------------------------------------------------------------------------------
Detailed RTL Component Info : 
+---XORs : 
	   2 Input      1 Bit         XORs := 112   
---------------------------------------------------------------------------------
Finished RTL Component Statistics 
---------------------------------------------------------------------------------
---------------------------------------------------------------------------------
Start Part Resource Summary
---------------------------------------------------------------------------------
Part Resources:
DSPs: 10 (col length:20)
BRAMs: 10 (col length: RAMB18 20 RAMB36 10)
---------------------------------------------------------------------------------
Finished Part Resource Summary
---------------------------------------------------------------------------------
No constraint files found.
---------------------------------------------------------------------------------
Start Cross Boundary and Area Optimization
---------------------------------------------------------------------------------
WARNING: [Synth 8-7080] Parallel synthesis criteria is not met
---------------------------------------------------------------------------------
Finished Cross Boundary and Area Optimization : Time (s): cpu = 00:00:04 ; elapsed = 00:00:10 . Memory (MB): peak = 1103.109 ; gain = 684.590
---------------------------------------------------------------------------------
No constraint files found.
---------------------------------------------------------------------------------
Start Timing Optimization
---------------------------------------------------------------------------------
---------------------------------------------------------------------------------
Finished Timing Optimization : Time (s): cpu = 00:00:04 ; elapsed = 00:00:10 . Memory (MB): peak = 1105.828 ; gain = 687.309
---------------------------------------------------------------------------------
---------------------------------------------------------------------------------
Start Technology Mapping
---------------------------------------------------------------------------------
---------------------------------------------------------------------------------
Finished Technology Mapping : Time (s): cpu = 00:00:04 ; elapsed = 00:00:10 . Memory (MB): peak = 1105.984 ; gain = 687.465
---------------------------------------------------------------------------------
---------------------------------------------------------------------------------
Start IO Insertion
---------------------------------------------------------------------------------
---------------------------------------------------------------------------------
Start Flattening Before IO Insertion
---------------------------------------------------------------------------------
---------------------------------------------------------------------------------
Finished Flattening Before IO Insertion
---------------------------------------------------------------------------------
---------------------------------------------------------------------------------
Start Final Netlist Cleanup
---------------------------------------------------------------------------------
---------------------------------------------------------------------------------
Finished Final Netlist Cleanup
---------------------------------------------------------------------------------
---------------------------------------------------------------------------------
Finished IO Insertion : Time (s): cpu = 00:00:04 ; elapsed = 00:00:13 . Memory (MB): peak = 1105.984 ; gain = 687.465
---------------------------------------------------------------------------------
---------------------------------------------------------------------------------
Start Renaming Generated Instances
---------------------------------------------------------------------------------
---------------------------------------------------------------------------------
Finished Renaming Generated Instances : Time (s): cpu = 00:00:04 ; elapsed = 00:00:13 . Memory (MB): peak = 1105.984 ; gain = 687.465
---------------------------------------------------------------------------------
---------------------------------------------------------------------------------
Start Rebuilding User Hierarchy
---------------------------------------------------------------------------------
---------------------------------------------------------------------------------
Finished Rebuilding User Hierarchy : Time (s): cpu = 00:00:04 ; elapsed = 00:00:13 . Memory (MB): peak = 1105.984 ; gain = 687.465
---------------------------------------------------------------------------------
---------------------------------------------------------------------------------
Start Renaming Generated Ports
---------------------------------------------------------------------------------
---------------------------------------------------------------------------------
Finished Renaming Generated Ports : Time (s): cpu = 00:00:04 ; elapsed = 00:00:13 . Memory (MB): peak = 1105.984 ; gain = 687.465
---------------------------------------------------------------------------------
---------------------------------------------------------------------------------
Start Handling Custom Attributes
---------------------------------------------------------------------------------
---------------------------------------------------------------------------------
Finished Handling Custom Attributes : Time (s): cpu = 00:00:04 ; elapsed = 00:00:13 . Memory (MB): peak = 1105.984 ; gain = 687.465
---------------------------------------------------------------------------------
---------------------------------------------------------------------------------
Start Renaming Generated Nets
---------------------------------------------------------------------------------
---------------------------------------------------------------------------------
Finished Renaming Generated Nets : Time (s): cpu = 00:00:04 ; elapsed = 00:00:13 . Memory (MB): peak = 1105.984 ; gain = 687.465
---------------------------------------------------------------------------------
---------------------------------------------------------------------------------
Start Writing Synthesis Report
---------------------------------------------------------------------------------

Report BlackBoxes: 
+-+--------------+----------+
| |BlackBox name |Instances |
+-+--------------+----------+
+-+--------------+----------+

Report Cell Usage: 
+------+-----+------+
|      |Cell |Count |
+------+-----+------+
|1     |LUT2 |    44|
|2     |LUT3 |     5|
|3     |LUT4 |    21|
|4     |LUT5 |    10|
|5     |LUT6 |    87|
|6     |IBUF |    16|
|7     |OBUF |    16|
+------+-----+------+

Report Instance Areas: 
+------+---------+-------+------+
|      |Instance |Module |Cells |
+------+---------+-------+------+
|1     |top      |       |   199|
+------+---------+-------+------+
---------------------------------------------------------------------------------
Finished Writing Synthesis Report : Time (s): cpu = 00:00:04 ; elapsed = 00:00:13 . Memory (MB): peak = 1105.984 ; gain = 687.465
---------------------------------------------------------------------------------
Synthesis finished with 0 errors, 0 critical warnings and 1 warnings.
Synthesis Optimization Runtime : Time (s): cpu = 00:00:04 ; elapsed = 00:00:13 . Memory (MB): peak = 1105.984 ; gain = 687.465
Synthesis Optimization Complete : Time (s): cpu = 00:00:04 ; elapsed = 00:00:13 . Memory (MB): peak = 1105.984 ; gain = 687.465
INFO: [Project 1-571] Translating synthesized netlist
Netlist sorting complete. Time (s): cpu = 00:00:00 ; elapsed = 00:00:00.001 . Memory (MB): peak = 1117.910 ; gain = 0.000
INFO: [Project 1-570] Preparing netlist for logic optimization
INFO: [Opt 31-138] Pushed 0 inverter(s) to 0 load pin(s).
Netlist sorting complete. Time (s): cpu = 00:00:00 ; elapsed = 00:00:00 . Memory (MB): peak = 1183.820 ; gain = 0.000
INFO: [Project 1-111] Unisim Transformation Summary:
No Unisim elements were transformed.

Synth Design complete, checksum: cb55c952
INFO: [Common 17-83] Releasing license: Synthesis
18 Infos, 1 Warnings, 0 Critical Warnings and 0 Errors encountered.
synth_design completed successfully
synth_design: Time (s): cpu = 00:00:05 ; elapsed = 00:00:14 . Memory (MB): peak = 1183.820 ; gain = 790.152
INFO: [Common 17-1381] The checkpoint 'C:/Users/Admin/Nhan_RCA_last/Nhan_RCA_last.runs/synth_1/Nhan_RCA.dcp' has been generated.
INFO: [runtcl-4] Executing : report_utilization -file Nhan_RCA_utilization_synth.rpt -pb Nhan_RCA_utilization_synth.pb
INFO: [Common 17-206] Exiting Vivado at Sat Jun 15 04:40:42 2024...
